<?xml version="1.0" encoding="UTF-8"?>
<!-- Generated by org.testng.reporters.JUnitReportReporter -->
<testsuite hostname="DESKTOP-R035ESS" failures="0" tests="1" name="testng.parameterizaion.ParameterizationExample" time="12.064" errors="0" timestamp="2024-04-03T18:07:03 IST" skipped="0">
  <testcase classname="testng.parameterizaion.ParameterizationExample" name="verifyCoursesOnGoogle" time="12.064"/>
</testsuite> <!-- testng.parameterizaion.ParameterizationExample -->
