<?xml version="1.0" encoding="UTF-8"?>
<!-- Generated by org.testng.reporters.JUnitReportReporter -->
<testsuite hostname="DESKTOP-R035ESS" failures="0" tests="3" name="testng.parameterizaion.DataProviderWithExcel" time="44.494" errors="0" timestamp="2024-04-03T18:07:03 IST" skipped="0">
  <testcase classname="testng.parameterizaion.DataProviderWithExcel" name="coursesOnGoogle" time="13.932"/>
  <testcase classname="testng.parameterizaion.DataProviderWithExcel" name="coursesOnGoogle" time="12.522"/>
  <testcase classname="testng.parameterizaion.DataProviderWithExcel" name="coursesOnGoogle" time="18.040"/>
</testsuite> <!-- testng.parameterizaion.DataProviderWithExcel -->
